<?xml version="1.0" encoding="UTF-8"?>
<!-- Generated by org.testng.reporters.JUnitReportReporter -->
<testsuite skipped="0" hostname="Navdeep-Laptop" name="TestNGDemo.LoginParallelClass1" tests="1" failures="0" timestamp="2020-07-15T11:49:14 IST" time="12.719" errors="0">
  <testcase name="Logindata" time="12.719" classname="TestNGDemo.LoginParallelClass1"/>
  <system-out/>
</testsuite> <!-- TestNGDemo.LoginParallelClass1 -->
