<?xml version="1.0" encoding="UTF-8"?>
<!-- Generated by org.testng.reporters.JUnitReportReporter -->
<testsuite skipped="1" hostname="Navdeep-Laptop" name="TestNGDemo.LoginTest" tests="2" failures="0" timestamp="2020-07-13T11:50:00 IST" time="9.067" errors="0">
  <testcase name="Login" time="9.067" classname="TestNGDemo.LoginTest"/>
  <system-out/>
  <testcase name="Logout" classname="TestNGDemo.LoginTest">
    <skipped/>
  </testcase> <!-- Logout -->
  <system-out/>
</testsuite> <!-- TestNGDemo.LoginTest -->
