<?xml version="1.0" encoding="UTF-8"?>
<!-- Generated by org.testng.reporters.JUnitReportReporter -->
<testsuite skipped="0" hostname="Navdeep-Laptop" name="TestNGDemo.Demo" tests="3" failures="0" timestamp="2020-07-07T11:37:35 IST" time="0.026" errors="0">
  <testcase name="Login" time="0.013" classname="TestNGDemo.Demo"/>
  <system-out/>
  <testcase name="Logout" time="0.003" classname="TestNGDemo.Demo"/>
  <system-out/>
  <testcase name="ForgetPassword" time="0.010" classname="TestNGDemo.Demo"/>
  <system-out/>
</testsuite> <!-- TestNGDemo.Demo -->
