<?xml version="1.0" encoding="UTF-8"?>
<!-- Generated by org.testng.reporters.JUnitReportReporter -->
<testsuite skipped="0" hostname="Navdeep-Laptop" name="TestNGDemo.LoginParallelClass2" tests="1" failures="0" timestamp="2020-07-15T11:49:14 IST" time="41.922" errors="0">
  <testcase name="Login" time="41.922" classname="TestNGDemo.LoginParallelClass2"/>
  <system-out/>
</testsuite> <!-- TestNGDemo.LoginParallelClass2 -->
