<?xml version="1.0" encoding="UTF-8"?>
<!-- Generated by org.testng.reporters.JUnitReportReporter -->
<testsuite skipped="0" hostname="Navdeep-Laptop" name="TestNGDemo.DataProviderDemo" tests="3" failures="0" timestamp="2020-07-15T11:13:59 IST" time="0.013" errors="0">
  <testcase name="Login" time="0.009" classname="TestNGDemo.DataProviderDemo"/>
  <system-out/>
  <testcase name="Login" time="0.002" classname="TestNGDemo.DataProviderDemo"/>
  <system-out/>
  <testcase name="Login" time="0.002" classname="TestNGDemo.DataProviderDemo"/>
  <system-out/>
</testsuite> <!-- TestNGDemo.DataProviderDemo -->
