<?xml version="1.0" encoding="UTF-8"?>
<!-- Generated by org.testng.reporters.JUnitReportReporter -->
<testsuite skipped="0" hostname="Navdeep-Laptop" name="TestNGDemo.ParametersDemo" tests="1" failures="0" timestamp="2020-07-16T10:46:46 IST" time="0.017" errors="0">
  <testcase name="Login" time="0.017" classname="TestNGDemo.ParametersDemo"/>
  <system-out/>
</testsuite> <!-- TestNGDemo.ParametersDemo -->
